{"_time":"2024-06-12T14:24:33+07:00","messages":[{"details":"{\"id\":\"d5ee5118-dd0c-47ae-9d32-f2ccc5272b3a\",\"para\":{},\"payload\":{\"title\":\"U\"}}"}]}
{"_time":"2024-06-12T14:28:58+07:00","messages":[{"details":"{\"id\":\"9d3d01a5-d25f-4dcb-9c63-4d49f6ade9f5\",\"para\":{},\"payload\":{}}"}]}
{"_time":"2024-06-12T14:32:10+07:00","messages":[{"details":"{\"id\":\"60f19969-ae72-4466-87a2-797bb7c268cc\",\"para\":{},\"payload\":{}}"}]}
{"_time":"2024-06-12T14:32:50+07:00","messages":[{"details":"{\"id\":\"d26b4b8d-823a-40e0-a880-0d7ee79a85c0\",\"para\":{},\"payload\":{\"title\":\"#000000\"}}"}]}
{"_time":"2024-06-12T14:33:40+07:00","messages":[{"details":"{\"id\":\"06102936-0c89-45a9-90f5-1b7c437c2a41\",\"para\":{},\"payload\":{}}"}]}
{"_time":"2024-06-12T14:36:22+07:00","messages":[{"details":"{\"id\":\"f5d8719d-4445-45dc-9210-5a1651e41db1\",\"para\":{},\"payload\":{}}"}]}
{"_time":"2024-06-12T14:48:58+07:00","messages":[{"details":"{\"id\":\"f69f30d6-b066-4310-b7bc-5c5a2859f6ad\",\"para\":{},\"payload\":{}}"}]}
{"_time":"2024-06-12T14:51:26+07:00","messages":[{"details":"{\"id\":\"e9dcbd0c-0396-4c88-b16d-a375b90b6a73\",\"para\":{},\"payload\":{}}"}]}
{"_time":"2024-06-12T14:52:51+07:00","messages":[{"details":"{\"id\":\"eccfee9a-e3ce-4584-bee5-577770386cb4\",\"para\":{},\"payload\":{}}"}]}
{"_time":"2024-06-12T14:54:04+07:00","messages":[{"details":"{\"id\":\"0b66a757-db04-45ba-b73e-181f17840f40\",\"para\":{},\"payload\":{}}"}]}
{"_time":"2024-06-12T14:54:13+07:00","messages":[{"details":"{\"id\":\"273c317f-93ad-43f8-bdba-542fe98fcc6f\",\"para\":{},\"payload\":{\"title\":\"test\",\"description\":\"<p>test</p>\",\"price\":1,\"brand\":\"U\",\"category\":\"fresh\",\"tags\":\"featured\",\"color\":[\"66694f227d4b60ebf727aaf7\"],\"quantity\":1,\"images\":[{\"public_id\":\"bf57pixxtsn3aftvhk0l\",\"url\":\"https://res.cloudinary.com/daoia7xg5/image/upload/v1718178854/bf57pixxtsn3aftvhk0l.jpg\"}]}}"}]}
{"_time":"2024-06-12T14:56:12+07:00","messages":[{"details":"{\"id\":\"7a6f8474-fc67-4eda-8a81-2738b206a074\",\"para\":{},\"payload\":{}}"}]}
{"_time":"2024-06-12T14:56:22+07:00","messages":[{"details":"{\"id\":\"a94638d7-f773-4b45-9307-06ed6501e146\",\"para\":{},\"payload\":{}}"}]}
{"_time":"2024-06-12T14:56:34+07:00","messages":[{"details":"{\"id\":\"462a2ed5-2637-48d3-a378-d3198617ac46\",\"para\":{},\"payload\":{}}"}]}
{"_time":"2024-06-12T14:57:00+07:00","messages":[{"details":"{\"id\":\"ce87395d-0ea6-4ac4-94b8-7f056cb49465\",\"para\":{},\"payload\":{}}"}]}
{"_time":"2024-06-12T14:57:08+07:00","messages":[{"details":"{\"id\":\"7ec05fa2-7c6b-45f6-b85c-2abb60e45ba1\",\"para\":{},\"payload\":{}}"}]}
{"_time":"2024-06-12T14:57:11+07:00","messages":[{"details":"{\"id\":\"a1d672b3-97e7-4b63-9a8c-5c1ea2e67b52\",\"para\":{},\"payload\":{}}"}]}
{"_time":"2024-06-12T14:59:30+07:00","messages":[{"details":"{\"id\":\"157fa850-009f-4f6d-8315-74047cd13dbb\",\"para\":{},\"payload\":{}}"}]}
{"_time":"2024-06-12T15:01:54+07:00","messages":[{"details":"{\"id\":\"75e42d77-c8c8-4c12-86de-e5fe3a9ad263\",\"para\":{},\"payload\":{}}"}]}
{"_time":"2024-06-12T15:08:36+07:00","messages":[{"details":"{\"id\":\"955f4f1e-84a4-4d51-8d17-55db307f1de9\",\"para\":{},\"payload\":{}}"}]}
{"_time":"2024-06-12T15:10:14+07:00","messages":[{"details":"{\"id\":\"7e3820ab-8591-45c5-b5d4-b939af55696a\",\"para\":{},\"payload\":{\"title\":\"fresh food\"}}"}]}
{"_time":"2024-06-12T15:10:30+07:00","messages":[{"details":"{\"id\":\"38e48728-a0e2-44ad-81ef-2da35f9962c7\",\"para\":{},\"payload\":{\"title\":\"Masan\"}}"}]}
{"_time":"2024-06-12T15:10:49+07:00","messages":[{"details":"{\"id\":\"22b23f52-15bd-47fe-bf81-28603677a790\",\"para\":{},\"payload\":{\"title\":\"Grocery\"}}"}]}
{"_time":"2024-06-12T15:11:02+07:00","messages":[{"details":"{\"id\":\"41254fea-cd70-4483-85a2-e0e4532aeee8\",\"para\":{},\"payload\":{\"title\":\"#5900ff\"}}"}]}
{"_time":"2024-06-12T15:11:06+07:00","messages":[{"details":"{\"id\":\"00841fd7-6d8b-4f7e-9d4a-df33e1515f5f\",\"para\":{},\"payload\":{}}"}]}
{"_time":"2024-06-12T15:11:10+07:00","messages":[{"details":"{\"id\":\"678eb8c4-3d5f-4f49-b30c-e3565c466553\",\"para\":{},\"payload\":{}}"}]}
{"_time":"2024-06-12T15:11:25+07:00","messages":[{"details":"{\"id\":\"e80a15af-f9b3-4f44-b452-44a3edcf0932\",\"para\":{},\"payload\":{}}"}]}
{"_time":"2024-06-12T15:11:35+07:00","messages":[{"details":"{\"id\":\"c980f1dd-4624-44a7-85dc-44ab6d58cea3\",\"para\":{},\"payload\":{\"title\":\"Hot news\"}}"}]}
{"_time":"2024-06-12T15:11:38+07:00","messages":[{"details":"{\"id\":\"c73128fb-7a46-405b-8726-c98855f2d04f\",\"para\":{},\"payload\":{}}"}]}
{"_time":"2024-06-12T15:12:12+07:00","messages":[{"details":"{\"id\":\"d897d318-879a-4ef0-8535-2a3d7f000b90\",\"para\":{},\"payload\":{}}"}]}
{"_time":"2024-06-12T15:13:13+07:00","messages":[{"details":"{\"id\":\"bcf1e216-78dc-48ff-a4db-977ce23e8efe\",\"para\":{},\"payload\":{}}"}]}
{"_time":"2024-06-12T15:55:51+07:00","messages":[{"details":"{\"id\":\"a9638761-0ce9-47c7-9312-c0f13a3ebe93\",\"para\":{},\"payload\":{}}"}]}
{"_time":"2024-06-12T15:56:10+07:00","messages":[{"details":"{\"id\":\"9e33e04b-3692-42a4-a514-2316003f3c5c\",\"para\":{},\"payload\":{\"name\":\"1111\",\"expiry\":\"2024-07-06\",\"discount\":1111}}"}]}
{"_time":"2024-06-12T15:56:12+07:00","messages":[{"details":"{\"id\":\"579e62bd-d32f-4afa-9aee-c696f36dc17b\",\"para\":{},\"payload\":{}}"}]}
{"_time":"2024-06-12T15:56:15+07:00","messages":[{"details":"{\"id\":\"50f07945-ddc5-4bc4-baf5-93f89b6d825f\",\"para\":{},\"payload\":{}}"}]}
{"_time":"2024-06-12T15:56:34+07:00","messages":[{"details":"{\"id\":\"0ec35d07-34fc-46d5-b5d3-acc476d12e3e\",\"para\":{},\"payload\":{}}"}]}
{"_time":"2024-06-12T15:56:46+07:00","messages":[{"details":"{\"id\":\"f8cdf195-19bb-4be6-a762-fb8541179f62\",\"para\":{},\"payload\":{\"title\":\"test\",\"description\":\"<p>test</p>\",\"category\":\"Hot news\",\"images\":\"\"}}"}]}
{"_time":"2024-06-12T15:56:56+07:00","messages":[{"details":"{\"id\":\"9160eac0-f15d-40cd-a33a-670d6eb834da\",\"para\":{},\"payload\":{}}"}]}
